Arguments: 
  /usr/bin/node /home/ahernd2/.yarn/bin/yarn.js init

PATH: 
  /home/ahernd2/.yarn/bin:/home/ahernd2/.config/yarn/global/node_modules/.bin:/home/ahernd2/git/test-server/node_modules/.bin:/home/ahernd2/bin:/home/ahernd2/.local/bin:/usr/local/sbin:/usr/local/bin:/usr/sbin:/usr/bin:/sbin:/bin:/usr/games:/usr/local/games:/snap/bin:/usr/lib/android-sdk/tools:/usr/lib/android-sdk/platform-tools:/snap/bin:/var/lib/snapd/snap/bin

Yarn version: 
  1.12.1

Node version: 
  8.11.2

Platform: 
  linux x64

Trace: 
  Error: canceled
      at Interface.<anonymous> (/home/ahernd2/.yarn/lib/cli.js:120807:13)
      at emitNone (events.js:106:13)
      at Interface.emit (events.js:208:7)
      at Interface._ttyWrite (readline.js:774:16)
      at ReadStream.onkeypress (readline.js:158:10)
      at emitTwo (events.js:126:13)
      at ReadStream.emit (events.js:214:7)
      at emitKeys (internal/readline.js:420:14)
      at emitKeys.next (<anonymous>)
      at ReadStream.onData (readline.js:1010:36)

npm manifest: 
  No manifest

yarn manifest: 
  No manifest

Lockfile: 
  No lockfile
